<?xml version="1.0" encoding="UTF-8"?>
<!-- Generated by org.testng.reporters.JUnitReportReporter -->
<testsuite hostname="oficinaImpri" failures="0" tests="3" name="com.microsoft.example.FaresTest" time="0.063" errors="0" timestamp="06 Apr 2023 19:33:43 GMT" skipped="0">
  <testcase classname="com.microsoft.example.FaresTest" name="fareTotal" time="0.005"/>
  <testcase classname="com.microsoft.example.FaresTest" name="faresProperties" time="0.002"/>
  <testcase classname="com.microsoft.example.FaresTest" name="employeeTotalFees" time="0.056"/>
</testsuite> <!-- com.microsoft.example.FaresTest -->
