<?xml version="1.0" encoding="UTF-8"?>
<testsuite xmlns:xsi="http://www.w3.org/2001/XMLSchema-instance" xsi:noNamespaceSchemaLocation="https://maven.apache.org/surefire/maven-surefire-plugin/xsd/surefire-test-report-3.0.xsd" version="3.0" name="TestSuite" time="1.652" tests="4" errors="0" skipped="0" failures="0">
  <properties>
    <property name="sun.desktop" value="windows"/>
    <property name="awt.toolkit" value="sun.awt.windows.WToolkit"/>
    <property name="java.specification.version" value="11"/>
    <property name="sun.cpu.isalist" value="amd64"/>
    <property name="sun.jnu.encoding" value="Cp1252"/>
    <property name="java.class.path" value="C:\Users\admin\Downloads\cvds\GitHub Actions\GitHub-Actions-MyShuttle\target\test-classes;C:\Users\admin\Downloads\cvds\GitHub Actions\GitHub-Actions-MyShuttle\target\classes;C:\Users\admin\.m2\repository\javax\servlet\jstl\1.2\jstl-1.2.jar;C:\Users\admin\.m2\repository\junit\junit\4.12\junit-4.12.jar;C:\Users\admin\.m2\repository\org\hamcrest\hamcrest-core\1.3\hamcrest-core-1.3.jar;C:\Users\admin\.m2\repository\mysql\mysql-connector-java\5.1.36\mysql-connector-java-5.1.36.jar;C:\Users\admin\.m2\repository\javax\servlet\javax.servlet-api\3.1.0\javax.servlet-api-3.1.0.jar;C:\Users\admin\.m2\repository\com\github\detro\ghostdriver\phantomjsdriver\1.0.4\phantomjsdriver-1.0.4.jar;C:\Users\admin\.m2\repository\org\seleniumhq\selenium\selenium-remote-driver\2.33.0\selenium-remote-driver-2.33.0.jar;C:\Users\admin\.m2\repository\cglib\cglib-nodep\2.1_3\cglib-nodep-2.1_3.jar;C:\Users\admin\.m2\repository\org\json\json\20080701\json-20080701.jar;C:\Users\admin\.m2\repository\org\seleniumhq\selenium\selenium-api\2.33.0\selenium-api-2.33.0.jar;C:\Users\admin\.m2\repository\org\apache\httpcomponents\httpclient\4.2.1\httpclient-4.2.1.jar;C:\Users\admin\.m2\repository\org\apache\httpcomponents\httpcore\4.2.1\httpcore-4.2.1.jar;C:\Users\admin\.m2\repository\commons-logging\commons-logging\1.1.1\commons-logging-1.1.1.jar;C:\Users\admin\.m2\repository\com\google\guava\guava\14.0\guava-14.0.jar;C:\Users\admin\.m2\repository\org\apache\commons\commons-exec\1.1\commons-exec-1.1.jar;C:\Users\admin\.m2\repository\net\java\dev\jna\jna\3.4.0\jna-3.4.0.jar;C:\Users\admin\.m2\repository\net\java\dev\jna\platform\3.4.0\platform-3.4.0.jar;C:\Users\admin\.m2\repository\org\seleniumhq\selenium\selenium-java\2.33.0\selenium-java-2.33.0.jar;C:\Users\admin\.m2\repository\org\seleniumhq\selenium\selenium-android-driver\2.33.0\selenium-android-driver-2.33.0.jar;C:\Users\admin\.m2\repository\org\seleniumhq\selenium\selenium-chrome-driver\2.33.0\selenium-chrome-driver-2.33.0.jar;C:\Users\admin\.m2\repository\org\seleniumhq\selenium\selenium-htmlunit-driver\2.33.0\selenium-htmlunit-driver-2.33.0.jar;C:\Users\admin\.m2\repository\net\sourceforge\htmlunit\htmlunit\2.12\htmlunit-2.12.jar;C:\Users\admin\.m2\repository\xalan\xalan\2.7.1\xalan-2.7.1.jar;C:\Users\admin\.m2\repository\xalan\serializer\2.7.1\serializer-2.7.1.jar;C:\Users\admin\.m2\repository\commons-collections\commons-collections\3.2.1\commons-collections-3.2.1.jar;C:\Users\admin\.m2\repository\org\apache\commons\commons-lang3\3.1\commons-lang3-3.1.jar;C:\Users\admin\.m2\repository\org\apache\httpcomponents\httpmime\4.2.3\httpmime-4.2.3.jar;C:\Users\admin\.m2\repository\net\sourceforge\htmlunit\htmlunit-core-js\2.12\htmlunit-core-js-2.12.jar;C:\Users\admin\.m2\repository\xerces\xercesImpl\2.10.0\xercesImpl-2.10.0.jar;C:\Users\admin\.m2\repository\xml-apis\xml-apis\1.4.01\xml-apis-1.4.01.jar;C:\Users\admin\.m2\repository\net\sourceforge\nekohtml\nekohtml\1.9.18\nekohtml-1.9.18.jar;C:\Users\admin\.m2\repository\net\sourceforge\cssparser\cssparser\0.9.9\cssparser-0.9.9.jar;C:\Users\admin\.m2\repository\org\w3c\css\sac\1.3\sac-1.3.jar;C:\Users\admin\.m2\repository\org\eclipse\jetty\jetty-websocket\8.1.9.v20130131\jetty-websocket-8.1.9.v20130131.jar;C:\Users\admin\.m2\repository\org\eclipse\jetty\jetty-util\8.1.9.v20130131\jetty-util-8.1.9.v20130131.jar;C:\Users\admin\.m2\repository\org\eclipse\jetty\jetty-io\8.1.9.v20130131\jetty-io-8.1.9.v20130131.jar;C:\Users\admin\.m2\repository\org\eclipse\jetty\jetty-http\8.1.9.v20130131\jetty-http-8.1.9.v20130131.jar;C:\Users\admin\.m2\repository\org\seleniumhq\selenium\selenium-firefox-driver\2.33.0\selenium-firefox-driver-2.33.0.jar;C:\Users\admin\.m2\repository\commons-io\commons-io\2.2\commons-io-2.2.jar;C:\Users\admin\.m2\repository\org\seleniumhq\selenium\selenium-ie-driver\2.33.0\selenium-ie-driver-2.33.0.jar;C:\Users\admin\.m2\repository\org\seleniumhq\selenium\selenium-iphone-driver\2.33.0\selenium-iphone-driver-2.33.0.jar;C:\Users\admin\.m2\repository\org\seleniumhq\selenium\selenium-safari-driver\2.33.0\selenium-safari-driver-2.33.0.jar;C:\Users\admin\.m2\repository\org\seleniumhq\selenium\selenium-support\2.33.0\selenium-support-2.33.0.jar;C:\Users\admin\.m2\repository\org\webbitserver\webbit\0.4.14\webbit-0.4.14.jar;C:\Users\admin\.m2\repository\io\netty\netty\3.5.2.Final\netty-3.5.2.Final.jar;C:\Users\admin\.m2\repository\org\seleniumhq\selenium\selenium-server\2.33.0\selenium-server-2.33.0.jar;C:\Users\admin\.m2\repository\org\bouncycastle\bcprov-jdk15on\1.48\bcprov-jdk15on-1.48.jar;C:\Users\admin\.m2\repository\org\bouncycastle\bcpkix-jdk15on\1.48\bcpkix-jdk15on-1.48.jar;C:\Users\admin\.m2\repository\mx4j\mx4j-tools\3.0.1\mx4j-tools-3.0.1.jar;C:\Users\admin\.m2\repository\org\mortbay\jetty\servlet-api-2.5\6.1.9\servlet-api-2.5-6.1.9.jar;C:\Users\admin\.m2\repository\org\seleniumhq\selenium\jetty-repacked\7.6.1\jetty-repacked-7.6.1.jar;C:\Users\admin\.m2\repository\net\jcip\jcip-annotations\1.0\jcip-annotations-1.0.jar;C:\Users\admin\.m2\repository\commons-codec\commons-codec\1.6\commons-codec-1.6.jar;C:\Users\admin\.m2\repository\org\testng\testng\6.11\testng-6.11.jar;C:\Users\admin\.m2\repository\com\beust\jcommander\1.64\jcommander-1.64.jar;C:\Users\admin\.m2\repository\org\yaml\snakeyaml\1.17\snakeyaml-1.17.jar;"/>
    <property name="java.vm.vendor" value="Oracle Corporation"/>
    <property name="sun.arch.data.model" value="64"/>
    <property name="user.variant" value=""/>
    <property name="java.vendor.url" value="https://openjdk.java.net/"/>
    <property name="user.timezone" value="America/Bogota"/>
    <property name="java.vm.specification.version" value="11"/>
    <property name="os.name" value="Windows 10"/>
    <property name="sun.java.launcher" value="SUN_STANDARD"/>
    <property name="user.country" value="US"/>
    <property name="sun.boot.library.path" value="C:\Program Files\Java\jdk-11.0.16.1\bin"/>
    <property name="sun.java.command" value="C:\Users\admin\AppData\Local\Temp\surefire8191416385504039658\surefirebooter11286083588481005558.jar C:\Users\admin\AppData\Local\Temp\surefire8191416385504039658 2023-04-06T14-33-35_144-jvmRun1 surefire6271687983668890646tmp surefire_0125884067253893518tmp"/>
    <property name="jdk.debug" value="release"/>
    <property name="surefire.test.class.path" value="C:\Users\admin\Downloads\cvds\GitHub Actions\GitHub-Actions-MyShuttle\target\test-classes;C:\Users\admin\Downloads\cvds\GitHub Actions\GitHub-Actions-MyShuttle\target\classes;C:\Users\admin\.m2\repository\javax\servlet\jstl\1.2\jstl-1.2.jar;C:\Users\admin\.m2\repository\junit\junit\4.12\junit-4.12.jar;C:\Users\admin\.m2\repository\org\hamcrest\hamcrest-core\1.3\hamcrest-core-1.3.jar;C:\Users\admin\.m2\repository\mysql\mysql-connector-java\5.1.36\mysql-connector-java-5.1.36.jar;C:\Users\admin\.m2\repository\javax\servlet\javax.servlet-api\3.1.0\javax.servlet-api-3.1.0.jar;C:\Users\admin\.m2\repository\com\github\detro\ghostdriver\phantomjsdriver\1.0.4\phantomjsdriver-1.0.4.jar;C:\Users\admin\.m2\repository\org\seleniumhq\selenium\selenium-remote-driver\2.33.0\selenium-remote-driver-2.33.0.jar;C:\Users\admin\.m2\repository\cglib\cglib-nodep\2.1_3\cglib-nodep-2.1_3.jar;C:\Users\admin\.m2\repository\org\json\json\20080701\json-20080701.jar;C:\Users\admin\.m2\repository\org\seleniumhq\selenium\selenium-api\2.33.0\selenium-api-2.33.0.jar;C:\Users\admin\.m2\repository\org\apache\httpcomponents\httpclient\4.2.1\httpclient-4.2.1.jar;C:\Users\admin\.m2\repository\org\apache\httpcomponents\httpcore\4.2.1\httpcore-4.2.1.jar;C:\Users\admin\.m2\repository\commons-logging\commons-logging\1.1.1\commons-logging-1.1.1.jar;C:\Users\admin\.m2\repository\com\google\guava\guava\14.0\guava-14.0.jar;C:\Users\admin\.m2\repository\org\apache\commons\commons-exec\1.1\commons-exec-1.1.jar;C:\Users\admin\.m2\repository\net\java\dev\jna\jna\3.4.0\jna-3.4.0.jar;C:\Users\admin\.m2\repository\net\java\dev\jna\platform\3.4.0\platform-3.4.0.jar;C:\Users\admin\.m2\repository\org\seleniumhq\selenium\selenium-java\2.33.0\selenium-java-2.33.0.jar;C:\Users\admin\.m2\repository\org\seleniumhq\selenium\selenium-android-driver\2.33.0\selenium-android-driver-2.33.0.jar;C:\Users\admin\.m2\repository\org\seleniumhq\selenium\selenium-chrome-driver\2.33.0\selenium-chrome-driver-2.33.0.jar;C:\Users\admin\.m2\repository\org\seleniumhq\selenium\selenium-htmlunit-driver\2.33.0\selenium-htmlunit-driver-2.33.0.jar;C:\Users\admin\.m2\repository\net\sourceforge\htmlunit\htmlunit\2.12\htmlunit-2.12.jar;C:\Users\admin\.m2\repository\xalan\xalan\2.7.1\xalan-2.7.1.jar;C:\Users\admin\.m2\repository\xalan\serializer\2.7.1\serializer-2.7.1.jar;C:\Users\admin\.m2\repository\commons-collections\commons-collections\3.2.1\commons-collections-3.2.1.jar;C:\Users\admin\.m2\repository\org\apache\commons\commons-lang3\3.1\commons-lang3-3.1.jar;C:\Users\admin\.m2\repository\org\apache\httpcomponents\httpmime\4.2.3\httpmime-4.2.3.jar;C:\Users\admin\.m2\repository\net\sourceforge\htmlunit\htmlunit-core-js\2.12\htmlunit-core-js-2.12.jar;C:\Users\admin\.m2\repository\xerces\xercesImpl\2.10.0\xercesImpl-2.10.0.jar;C:\Users\admin\.m2\repository\xml-apis\xml-apis\1.4.01\xml-apis-1.4.01.jar;C:\Users\admin\.m2\repository\net\sourceforge\nekohtml\nekohtml\1.9.18\nekohtml-1.9.18.jar;C:\Users\admin\.m2\repository\net\sourceforge\cssparser\cssparser\0.9.9\cssparser-0.9.9.jar;C:\Users\admin\.m2\repository\org\w3c\css\sac\1.3\sac-1.3.jar;C:\Users\admin\.m2\repository\org\eclipse\jetty\jetty-websocket\8.1.9.v20130131\jetty-websocket-8.1.9.v20130131.jar;C:\Users\admin\.m2\repository\org\eclipse\jetty\jetty-util\8.1.9.v20130131\jetty-util-8.1.9.v20130131.jar;C:\Users\admin\.m2\repository\org\eclipse\jetty\jetty-io\8.1.9.v20130131\jetty-io-8.1.9.v20130131.jar;C:\Users\admin\.m2\repository\org\eclipse\jetty\jetty-http\8.1.9.v20130131\jetty-http-8.1.9.v20130131.jar;C:\Users\admin\.m2\repository\org\seleniumhq\selenium\selenium-firefox-driver\2.33.0\selenium-firefox-driver-2.33.0.jar;C:\Users\admin\.m2\repository\commons-io\commons-io\2.2\commons-io-2.2.jar;C:\Users\admin\.m2\repository\org\seleniumhq\selenium\selenium-ie-driver\2.33.0\selenium-ie-driver-2.33.0.jar;C:\Users\admin\.m2\repository\org\seleniumhq\selenium\selenium-iphone-driver\2.33.0\selenium-iphone-driver-2.33.0.jar;C:\Users\admin\.m2\repository\org\seleniumhq\selenium\selenium-safari-driver\2.33.0\selenium-safari-driver-2.33.0.jar;C:\Users\admin\.m2\repository\org\seleniumhq\selenium\selenium-support\2.33.0\selenium-support-2.33.0.jar;C:\Users\admin\.m2\repository\org\webbitserver\webbit\0.4.14\webbit-0.4.14.jar;C:\Users\admin\.m2\repository\io\netty\netty\3.5.2.Final\netty-3.5.2.Final.jar;C:\Users\admin\.m2\repository\org\seleniumhq\selenium\selenium-server\2.33.0\selenium-server-2.33.0.jar;C:\Users\admin\.m2\repository\org\bouncycastle\bcprov-jdk15on\1.48\bcprov-jdk15on-1.48.jar;C:\Users\admin\.m2\repository\org\bouncycastle\bcpkix-jdk15on\1.48\bcpkix-jdk15on-1.48.jar;C:\Users\admin\.m2\repository\mx4j\mx4j-tools\3.0.1\mx4j-tools-3.0.1.jar;C:\Users\admin\.m2\repository\org\mortbay\jetty\servlet-api-2.5\6.1.9\servlet-api-2.5-6.1.9.jar;C:\Users\admin\.m2\repository\org\seleniumhq\selenium\jetty-repacked\7.6.1\jetty-repacked-7.6.1.jar;C:\Users\admin\.m2\repository\net\jcip\jcip-annotations\1.0\jcip-annotations-1.0.jar;C:\Users\admin\.m2\repository\commons-codec\commons-codec\1.6\commons-codec-1.6.jar;C:\Users\admin\.m2\repository\org\testng\testng\6.11\testng-6.11.jar;C:\Users\admin\.m2\repository\com\beust\jcommander\1.64\jcommander-1.64.jar;C:\Users\admin\.m2\repository\org\yaml\snakeyaml\1.17\snakeyaml-1.17.jar;"/>
    <property name="sun.cpu.endian" value="little"/>
    <property name="user.home" value="C:\Users\admin"/>
    <property name="user.language" value="en"/>
    <property name="java.specification.vendor" value="Oracle Corporation"/>
    <property name="java.version.date" value="2022-08-18"/>
    <property name="java.home" value="C:\Program Files\Java\jdk-11.0.16.1"/>
    <property name="file.separator" value="\"/>
    <property name="basedir" value="C:\Users\admin\Downloads\cvds\GitHub Actions\GitHub-Actions-MyShuttle"/>
    <property name="java.vm.compressedOopsMode" value="32-bit"/>
    <property name="line.separator" value="&#10;"/>
    <property name="java.specification.name" value="Java Platform API Specification"/>
    <property name="java.vm.specification.vendor" value="Oracle Corporation"/>
    <property name="java.awt.graphicsenv" value="sun.awt.Win32GraphicsEnvironment"/>
    <property name="surefire.real.class.path" value="C:\Users\admin\AppData\Local\Temp\surefire8191416385504039658\surefirebooter11286083588481005558.jar"/>
    <property name="user.script" value=""/>
    <property name="sun.management.compiler" value="HotSpot 64-Bit Tiered Compilers"/>
    <property name="java.runtime.version" value="11.0.16.1+1-LTS-1"/>
    <property name="user.name" value="admin"/>
    <property name="path.separator" value=";"/>
    <property name="os.version" value="10.0"/>
    <property name="java.runtime.name" value="Java(TM) SE Runtime Environment"/>
    <property name="file.encoding" value="Cp1252"/>
    <property name="java.vm.name" value="Java HotSpot(TM) 64-Bit Server VM"/>
    <property name="java.vendor.version" value="18.9"/>
    <property name="localRepository" value="C:\Users\admin\.m2\repository"/>
    <property name="java.vendor.url.bug" value="https://bugreport.java.com/bugreport/"/>
    <property name="java.io.tmpdir" value="C:\Users\admin\AppData\Local\Temp\"/>
    <property name="java.version" value="11.0.16.1"/>
    <property name="user.dir" value="C:\Users\admin\Downloads\cvds\GitHub Actions\GitHub-Actions-MyShuttle"/>
    <property name="os.arch" value="amd64"/>
    <property name="java.vm.specification.name" value="Java Virtual Machine Specification"/>
    <property name="java.awt.printerjob" value="sun.awt.windows.WPrinterJob"/>
    <property name="sun.os.patch.level" value=""/>
    <property name="java.library.path" value="C:\Program Files\Java\jdk-11.0.16.1\bin;C:\WINDOWS\Sun\Java\bin;C:\WINDOWS\system32;C:\WINDOWS;C:\Program Files\Eclipse Adoptium\jdk-8.0.362.9-hotspot\bin;C:\Program Files\Python311\Scripts\;C:\Program Files\Python311\;C:\Program Files\Common Files\Oracle\Java\javapath;C:\Program Files (x86)\VMware\VMware Player\bin\;C:\Program Files\Python39\Scripts\;C:\Program Files\Python39\;C:\Program Files (x86)\Common Files\Oracle\Java\javapath;C:\ProgramData\Oracle\Java\javapath;C:\WINDOWS\system32;C:\WINDOWS;C:\WINDOWS\System32\Wbem;C:\WINDOWS\System32\WindowsPowerShell\v1.0\;C:\WINDOWS\System32\OpenSSH\;C:\Program Files\Java\jre1.8.0_25\bin;C:\Program Files\Java\jdk1.8.0_25\bin;C:\Program Files (x86)\BlueJ;C:\Program Files\dotnet\;C:\Program Files (x86)\dotnet\;C:\Program Files (x86)\Dev-Cpp;C:\Program Files\MinGW\bin;C:\Program Files\apache-maven-3.8.6\bin;C:\Program Files\heroku\bin;C:\Program Files (x86)\GtkSharp\2.12\bin;c:\Program Files (x86)\Intel\Intel(R) Management Engine Components\DAL;c:\Program Files\Intel\Intel(R) Management Engine Components\DAL;C:\Program Files\Java\jdk-11.0.16.1\bin;C:\Program Files\PuTTY\;C:\Program Files\Git\cmd;C:\Program Files\nodejs\;C:\Program Files\swipl\bin;C:\Program Files\Microsoft VS Code\bin;C:\Program Files (x86)\Windows Kits\10\Windows Performance Toolkit\;C:\Program Files\Azure Data Studio\bin;C:\Program Files\Microsoft SQL Server\Client SDK\ODBC\130\Tools\Binn\;C:\Program Files (x86)\Microsoft SQL Server\140\Tools\Binn\;C:\Program Files\Microsoft SQL Server\140\Tools\Binn\;C:\Program Files\Microsoft SQL Server\140\DTS\Binn\;C:\Users\admin\AppData\Local\Microsoft\WindowsApps;;C:\Program Files\Azure Data Studio\bin;."/>
    <property name="java.vendor" value="Oracle Corporation"/>
    <property name="java.vm.info" value="mixed mode"/>
    <property name="java.vm.version" value="11.0.16.1+1-LTS-1"/>
    <property name="sun.io.unicode.encoding" value="UnicodeLittle"/>
    <property name="java.class.version" value="55.0"/>
  </properties>
  <testcase name="employeeTotalFees" classname="com.microsoft.example.FaresTest" time="0.034"/>
  <testcase name="fareTotal" classname="com.microsoft.example.FaresTest" time="0.006"/>
  <testcase name="faresProperties" classname="com.microsoft.example.FaresTest" time="0"/>
  <testcase name="evaluatesExpression on evaluatesExpression(com.microsoft.example.SimpleTest)" classname="com.microsoft.example.SimpleTest" time="0.001"/>
</testsuite>