<?xml version="1.0" encoding="UTF-8"?>
<!-- Generated by org.testng.reporters.JUnitReportReporter -->
<testsuite hostname="oficinaImpri" failures="0" tests="1" name="com.microsoft.example.SimpleTest" time="0.035" errors="0" timestamp="06 Apr 2023 19:33:44 GMT" skipped="0">
  <testcase classname="com.microsoft.example.SimpleTest" name="evaluatesExpression" time="0.035"/>
</testsuite> <!-- com.microsoft.example.SimpleTest -->
